CMSPen/build/outputs/logs/manifest-merger-debug-report.txt
-- Merging decision tree log ---
manifest
ADDED from src\main\AndroidManifest.xml:2:1-78:12
	xmlns:android
		ADDED from src\main\AndroidManifest.xml:2:11-69
	package
		ADDED from src\main\AndroidManifest.xml:3:5-33
		INJECTED from src\main\AndroidManifest.xml
		INJECTED from src\main\AndroidManifest.xml
	android:versionName
		ADDED from src\main\AndroidManifest.xml:5:5-32
	android:versionCode
		ADDED from src\main\AndroidManifest.xml:4:5-29
		INJECTED from src\main\AndroidManifest.xml
		INJECTED from src\main\AndroidManifest.xml
uses-permission#android.permission.VIBRATE
ADDED from src\main\AndroidManifest.xml:7:5-66
	android:name
		ADDED from src\main\AndroidManifest.xml:7:22-63
uses-permission#android.permission.RECEIVE_BOOT_COMPLETED
ADDED from src\main\AndroidManifest.xml:8:5-81
	android:name
		ADDED from src\main\AndroidManifest.xml:8:22-78
uses-permission#android.permission.WAKE_LOCK
ADDED from src\main\AndroidManifest.xml:9:5-68
	android:name
		ADDED from src\main\AndroidManifest.xml:9:22-65
uses-permission#android.permission.BROADCAST_STICKY
ADDED from src\main\AndroidManifest.xml:10:5-75
	android:name
		ADDED from src\main\AndroidManifest.xml:10:22-72
uses-permission#com.android.vending.BILLING
ADDED from src\main\AndroidManifest.xml:11:5-67
	android:name
		ADDED from src\main\AndroidManifest.xml:11:22-64
uses-permission#android.permission.WRITE_EXTERNAL_STORAGE
ADDED from src\main\AndroidManifest.xml:12:5-81
	android:name
		ADDED from src\main\AndroidManifest.xml:12:22-78
uses-permission#android.permission.READ_EXTERNAL_STORAGE
ADDED from src\main\AndroidManifest.xml:13:5-80
	android:name
		ADDED from src\main\AndroidManifest.xml:13:22-77
uses-permission#android.permission.DISABLE_KEYGUARD
ADDED from src\main\AndroidManifest.xml:14:5-75
	android:name
		ADDED from src\main\AndroidManifest.xml:14:22-72
application
ADDED from src\main\AndroidManifest.xml:16:5-76:19
	android:label
		ADDED from src\main\AndroidManifest.xml:19:9-41
	android:allowBackup
		ADDED from src\main\AndroidManifest.xml:17:9-35
	android:icon
		ADDED from src\main\AndroidManifest.xml:18:9-45
activity#com.tushar.cmspen2.MainActivity
ADDED from src\main\AndroidManifest.xml:20:9-28:20
	android:label
		ADDED from src\main\AndroidManifest.xml:22:13-45
	android:name
		ADDED from src\main\AndroidManifest.xml:21:13-41
intent-filter#android.intent.action.MAIN+android.intent.category.LAUNCHER
ADDED from src\main\AndroidManifest.xml:23:13-27:29
action#android.intent.action.MAIN
ADDED from src\main\AndroidManifest.xml:24:17-69
	android:name
		ADDED from src\main\AndroidManifest.xml:24:25-66
category#android.intent.category.LAUNCHER
ADDED from src\main\AndroidManifest.xml:26:17-77
	android:name
		ADDED from src\main\AndroidManifest.xml:26:27-74
service#com.tushar.cmspen2.SPenDetection
ADDED from src\main\AndroidManifest.xml:30:9-34:19
	android:exported
		ADDED from src\main\AndroidManifest.xml:33:13-36
	android:enabled
		ADDED from src\main\AndroidManifest.xml:32:13-35
	android:name
		ADDED from src\main\AndroidManifest.xml:31:13-42
receiver#com.tushar.cmspen2.BootReceiver
ADDED from src\main\AndroidManifest.xml:36:9-47:20
	android:exported
		ADDED from src\main\AndroidManifest.xml:39:13-36
	android:enabled
		ADDED from src\main\AndroidManifest.xml:38:13-35
	android:name
		ADDED from src\main\AndroidManifest.xml:37:13-41
intent-filter#android.intent.action.BOOT_COMPLETED+com.tushar.cmspen.KBSWITCH+com.tushar.cmspen.PKE+com.tushar.cmspen.Screenshot+com.tushar.cmspen.Touch_Block
ADDED from src\main\AndroidManifest.xml:40:13-46:29
action#android.intent.action.BOOT_COMPLETED
ADDED from src\main\AndroidManifest.xml:41:17-79
	android:name
		ADDED from src\main\AndroidManifest.xml:41:25-76
action#com.tushar.cmspen.PKE
ADDED from src\main\AndroidManifest.xml:42:17-64
	android:name
		ADDED from src\main\AndroidManifest.xml:42:25-61
action#com.tushar.cmspen.Screenshot
ADDED from src\main\AndroidManifest.xml:43:17-71
	android:name
		ADDED from src\main\AndroidManifest.xml:43:25-68
action#com.tushar.cmspen.KBSWITCH
ADDED from src\main\AndroidManifest.xml:44:17-69
	android:name
		ADDED from src\main\AndroidManifest.xml:44:25-66
action#com.tushar.cmspen.Touch_Block
ADDED from src\main\AndroidManifest.xml:45:17-72
	android:name
		ADDED from src\main\AndroidManifest.xml:45:25-69
activity#com.tushar.cmspen2.KeyboardActivity
ADDED from src\main\AndroidManifest.xml:49:9-53:20
	android:label
		ADDED from src\main\AndroidManifest.xml:52:13-60
	android:exported
		ADDED from src\main\AndroidManifest.xml:51:13-36
	android:name
		ADDED from src\main\AndroidManifest.xml:50:13-45
activity#com.tushar.cmspen2.ScreenshotActivity
ADDED from src\main\AndroidManifest.xml:54:9-58:20
	android:label
		ADDED from src\main\AndroidManifest.xml:56:13-62
	android:theme
		ADDED from src\main\AndroidManifest.xml:57:13-77
	android:name
		ADDED from src\main\AndroidManifest.xml:55:13-47
activity#com.tushar.cmspen2.TaskerEditActivity
ADDED from src\main\AndroidManifest.xml:59:9-66:20
	android:label
		ADDED from src\main\AndroidManifest.xml:62:13-45
	android:exported
		ADDED from src\main\AndroidManifest.xml:61:13-36
	android:name
		ADDED from src\main\AndroidManifest.xml:60:13-47
intent-filter#net.dinglisch.android.tasker.ACTION_EDIT_EVENT
ADDED from src\main\AndroidManifest.xml:63:13-65:29
action#net.dinglisch.android.tasker.ACTION_EDIT_EVENT
ADDED from src\main\AndroidManifest.xml:64:17-89
	android:name
		ADDED from src\main\AndroidManifest.xml:64:25-86
receiver#com.tushar.cmspen2.TaskerQueryReceiver
ADDED from src\main\AndroidManifest.xml:68:9-75:20
	android:exported
		ADDED from src\main\AndroidManifest.xml:71:13-36
	android:enabled
		ADDED from src\main\AndroidManifest.xml:70:13-35
	android:name
		ADDED from src\main\AndroidManifest.xml:69:13-48
intent-filter#com.twofortyfouram.locale.intent.action.QUERY_CONDITION
ADDED from src\main\AndroidManifest.xml:72:13-74:29
action#com.twofortyfouram.locale.intent.action.QUERY_CONDITION
ADDED from src\main\AndroidManifest.xml:73:17-98
	android:name
		ADDED from src\main\AndroidManifest.xml:73:25-95
uses-sdk
INJECTED from src\main\AndroidManifest.xml reason: use-sdk injection requested
	android:targetSdkVersion
		INJECTED from src\main\AndroidManifest.xml
		INJECTED from src\main\AndroidManifest.xml
	android:minSdkVersion
		INJECTED from src\main\AndroidManifest.xml
		INJECTED from src\main\AndroidManifest.xml